<?xml version="1.0" encoding="UTF-8"?>
<!-- Generated by org.testng.reporters.JUnitXMLReporter -->
<testsuite hostname="Jayarees-MacBook-Pro.local" ignored="0" name="popbitch_Smoke_Tests" tests="5" failures="0" timestamp="02 Mar 2020 12:38:33 GMT" time="87.128" errors="0">
  <testcase name="i_am_a_user_of_Axate_and_I_am_on_the_registration_page_through_Cricketer_Wallet_homepages" time="20.071" classname="Stepdef.Newburylive.NEWSMO02_Newbury_register_from_wallet"/>
  <testcase name="i_enter_all_the_required_details_on_step_one_and_click_on_continue" time="47.826" classname="Stepdef.Newburylive.NEWSMO02_Newbury_register_from_wallet"/>
  <testcase name="top_up_with_a_valid_card_in_steptwo_with_one_pound_and_click_on_continue" time="7.337" classname="Stepdef.Newburylive.NEWSMO02_Newbury_register_from_wallet"/>
  <testcase name="i_get_a_funded_axate_wallet_with_one_pound_in_it" time="11.634" classname="Stepdef.Newburylive.NEWSMO02_Newbury_register_from_wallet"/>
  <testcase name="navigated_to_Cricketer_com" time="0.231" classname="Stepdef.Newburylive.NEWSMO02_Newbury_register_from_wallet"/>
</testsuite> <!-- popbitch_Smoke_Tests -->
