<?xml version="1.0" encoding="UTF-8"?>
<testng-results skipped="0" failed="0" ignored="0" total="5" passed="5">
  <reporter-output>
  </reporter-output>
  <suite name=" Popbitch Chrome" duration-ms="87128" started-at="2020-03-02T12:37:06Z" finished-at="2020-03-02T12:38:33Z">
    <groups>
    </groups>
    <test name="popbitch_Smoke_Tests" duration-ms="87128" started-at="2020-03-02T12:37:06Z" finished-at="2020-03-02T12:38:33Z">
      <class name="Stepdef.Newburylive.NEWSMO02_Newbury_register_from_wallet">
        <test-method status="PASS" signature="i_am_a_user_of_Axate_and_I_am_on_the_registration_page_through_Cricketer_Wallet_homepages(java.lang.String)[pri:7, instance:Stepdef.Newburylive.NEWSMO02_Newbury_register_from_wallet@210366b4]" name="i_am_a_user_of_Axate_and_I_am_on_the_registration_page_through_Cricketer_Wallet_homepages" duration-ms="20071" started-at="2020-03-02T12:37:06Z" finished-at="2020-03-02T12:37:26Z">
          <params>
            <param index="0">
              <value>
                <![CDATA[chrome]]>
              </value>
            </param>
          </params>
          <reporter-output>
          </reporter-output>
        </test-method> <!-- i_am_a_user_of_Axate_and_I_am_on_the_registration_page_through_Cricketer_Wallet_homepages -->
        <test-method status="PASS" signature="i_enter_all_the_required_details_on_step_one_and_click_on_continue()[pri:8, instance:Stepdef.Newburylive.NEWSMO02_Newbury_register_from_wallet@210366b4]" name="i_enter_all_the_required_details_on_step_one_and_click_on_continue" duration-ms="47826" started-at="2020-03-02T12:37:26Z" finished-at="2020-03-02T12:38:14Z">
          <reporter-output>
          </reporter-output>
        </test-method> <!-- i_enter_all_the_required_details_on_step_one_and_click_on_continue -->
        <test-method status="PASS" signature="top_up_with_a_valid_card_in_steptwo_with_one_pound_and_click_on_continue()[pri:9, instance:Stepdef.Newburylive.NEWSMO02_Newbury_register_from_wallet@210366b4]" name="top_up_with_a_valid_card_in_steptwo_with_one_pound_and_click_on_continue" duration-ms="7337" started-at="2020-03-02T12:38:14Z" finished-at="2020-03-02T12:38:21Z">
          <reporter-output>
          </reporter-output>
        </test-method> <!-- top_up_with_a_valid_card_in_steptwo_with_one_pound_and_click_on_continue -->
        <test-method status="PASS" signature="i_get_a_funded_axate_wallet_with_one_pound_in_it()[pri:10, instance:Stepdef.Newburylive.NEWSMO02_Newbury_register_from_wallet@210366b4]" name="i_get_a_funded_axate_wallet_with_one_pound_in_it" duration-ms="11634" started-at="2020-03-02T12:38:21Z" finished-at="2020-03-02T12:38:33Z">
          <reporter-output>
          </reporter-output>
        </test-method> <!-- i_get_a_funded_axate_wallet_with_one_pound_in_it -->
        <test-method status="PASS" signature="navigated_to_Cricketer_com()[pri:11, instance:Stepdef.Newburylive.NEWSMO02_Newbury_register_from_wallet@210366b4]" name="navigated_to_Cricketer_com" duration-ms="231" started-at="2020-03-02T12:38:33Z" finished-at="2020-03-02T12:38:33Z">
          <reporter-output>
          </reporter-output>
        </test-method> <!-- navigated_to_Cricketer_com -->
      </class> <!-- Stepdef.Newburylive.NEWSMO02_Newbury_register_from_wallet -->
    </test> <!-- popbitch_Smoke_Tests -->
  </suite> <!--  Popbitch Chrome -->
</testng-results>
